[debug] [2022-06-25T14:27:54.218Z] ----------------------------------------------------------------------
[debug] [2022-06-25T14:27:54.226Z] Command:       /usr/local/bin/node /usr/local/bin/firebase init functions
[debug] [2022-06-25T14:27:54.228Z] CLI Version:   11.1.0
[debug] [2022-06-25T14:27:54.228Z] Platform:      linux
[debug] [2022-06-25T14:27:54.229Z] Node Version:  v16.15.0
[debug] [2022-06-25T14:27:54.230Z] Time:          Sat Jun 25 2022 20:12:54 GMT+0545 (Nepal Time)
[debug] [2022-06-25T14:27:54.231Z] ----------------------------------------------------------------------
[debug] 
[debug] [2022-06-25T14:27:54.249Z] > command requires scopes: ["email","openid","https://www.googleapis.com/auth/cloudplatformprojects.readonly","https://www.googleapis.com/auth/firebase","https://www.googleapis.com/auth/cloud-platform"]
[debug] [2022-06-25T14:27:54.250Z] > authorizing via signed-in user (subigyalamichhane@gmail.com)
[info] 
     ######## #### ########  ######## ########     ###     ######  ########
     ##        ##  ##     ## ##       ##     ##  ##   ##  ##       ##
     ######    ##  ########  ######   ########  #########  ######  ######
     ##        ##  ##    ##  ##       ##     ## ##     ##       ## ##
     ##       #### ##     ## ######## ########  ##     ##  ######  ########

You're about to initialize a Firebase project in this directory:

  /home/subigya/InfrastructureAmbulance/server

[info] 
=== Project Setup
[info] 
[info] First, let's associate this project directory with a Firebase project.
[info] You can create multiple project aliases by running firebase use --add, 
[info] but for now we'll just set up a default project.
[info] 
[debug] [2022-06-25T14:28:06.849Z] >>> [apiv2][query] GET https://firebase.googleapis.com/v1beta1/projects pageSize=100
[debug] [2022-06-25T14:28:07.759Z] <<< [apiv2][status] GET https://firebase.googleapis.com/v1beta1/projects 200
[debug] [2022-06-25T14:28:07.759Z] <<< [apiv2][body] GET https://firebase.googleapis.com/v1beta1/projects [omitted]
[info] i  Using project infrastructureambulance-30b66 (InfrastructureAmbulance) 
[info] 
=== Functions Setup
[info] 
[info] A functions directory will be created in your project with sample code
[info] pre-configured. Functions can be deployed with firebase deploy.
[info] 
[debug] [2022-06-25T14:28:11.221Z] > command requires scopes: ["email","openid","https://www.googleapis.com/auth/cloudplatformprojects.readonly","https://www.googleapis.com/auth/firebase","https://www.googleapis.com/auth/cloud-platform"]
[debug] [2022-06-25T14:28:11.222Z] > authorizing via signed-in user (subigyalamichhane@gmail.com)
[debug] [2022-06-25T14:28:11.222Z] [iam] checking project infrastructureambulance-30b66 for permissions ["firebase.projects.get"]
[debug] [2022-06-25T14:28:11.223Z] >>> [apiv2][query] POST https://cloudresourcemanager.googleapis.com/v1/projects/infrastructureambulance-30b66:testIamPermissions [none]
[debug] [2022-06-25T14:28:11.223Z] >>> [apiv2][body] POST https://cloudresourcemanager.googleapis.com/v1/projects/infrastructureambulance-30b66:testIamPermissions {"permissions":["firebase.projects.get"]}
[debug] [2022-06-25T14:28:12.892Z] <<< [apiv2][status] POST https://cloudresourcemanager.googleapis.com/v1/projects/infrastructureambulance-30b66:testIamPermissions 200
[debug] [2022-06-25T14:28:12.893Z] <<< [apiv2][body] POST https://cloudresourcemanager.googleapis.com/v1/projects/infrastructureambulance-30b66:testIamPermissions {"permissions":["firebase.projects.get"]}
[debug] [2022-06-25T14:28:12.894Z] >>> [apiv2][query] GET https://serviceusage.googleapis.com/v1/projects/infrastructureambulance-30b66/services/cloudfunctions.googleapis.com [none]
[debug] [2022-06-25T14:28:12.898Z] >>> [apiv2][query] GET https://serviceusage.googleapis.com/v1/projects/infrastructureambulance-30b66/services/runtimeconfig.googleapis.com [none]
[debug] [2022-06-25T14:28:14.916Z] <<< [apiv2][status] GET https://serviceusage.googleapis.com/v1/projects/infrastructureambulance-30b66/services/cloudfunctions.googleapis.com 200
[debug] [2022-06-25T14:28:14.916Z] <<< [apiv2][body] GET https://serviceusage.googleapis.com/v1/projects/infrastructureambulance-30b66/services/cloudfunctions.googleapis.com [omitted]
[debug] [2022-06-25T14:28:14.918Z] >>> [apiv2][query] POST https://serviceusage.googleapis.com/v1/projects/infrastructureambulance-30b66/services/cloudfunctions.googleapis.com:enable [none]
[debug] [2022-06-25T14:28:14.970Z] <<< [apiv2][status] GET https://serviceusage.googleapis.com/v1/projects/infrastructureambulance-30b66/services/runtimeconfig.googleapis.com 200
[debug] [2022-06-25T14:28:14.970Z] <<< [apiv2][body] GET https://serviceusage.googleapis.com/v1/projects/infrastructureambulance-30b66/services/runtimeconfig.googleapis.com [omitted]
[debug] [2022-06-25T14:28:18.210Z] <<< [apiv2][status] POST https://serviceusage.googleapis.com/v1/projects/infrastructureambulance-30b66/services/cloudfunctions.googleapis.com:enable 200
[debug] [2022-06-25T14:28:18.210Z] <<< [apiv2][body] POST https://serviceusage.googleapis.com/v1/projects/infrastructureambulance-30b66/services/cloudfunctions.googleapis.com:enable [omitted]
[debug] [2022-06-25T14:28:28.213Z] >>> [apiv2][query] GET https://serviceusage.googleapis.com/v1/projects/infrastructureambulance-30b66/services/cloudfunctions.googleapis.com [none]
[debug] [2022-06-25T14:28:30.064Z] <<< [apiv2][status] GET https://serviceusage.googleapis.com/v1/projects/infrastructureambulance-30b66/services/cloudfunctions.googleapis.com 200
[debug] [2022-06-25T14:28:30.065Z] <<< [apiv2][body] GET https://serviceusage.googleapis.com/v1/projects/infrastructureambulance-30b66/services/cloudfunctions.googleapis.com [omitted]
